<?xml version="1.0" encoding="UTF-8"?>
<testng-results ignored="0" total="1" passed="1" failed="0" skipped="0">
  <reporter-output>
  </reporter-output>
  <suite started-at="2022-06-27T12:16:17 IST" name="Default suite" finished-at="2022-06-27T12:16:48 IST" duration-ms="30924">
    <groups>
    </groups>
    <test started-at="2022-06-27T12:16:17 IST" name="Default test" finished-at="2022-06-27T12:16:48 IST" duration-ms="30924">
      <class name="Calculation.Calculator">
        <test-method signature="VerifyOperation()[pri:0, instance:Calculation.Calculator@158da8e]" started-at="2022-06-27T12:16:17 IST" name="VerifyOperation" finished-at="2022-06-27T12:16:48 IST" duration-ms="30857" status="PASS">
          <reporter-output>
          </reporter-output>
        </test-method> <!-- VerifyOperation -->
      </class> <!-- Calculation.Calculator -->
    </test> <!-- Default test -->
  </suite> <!-- Default suite -->
</testng-results>
